<?xml version="1.0" encoding="UTF-8"?>
<testsuite xmlns:xsi="http://www.w3.org/2001/XMLSchema-instance" xsi:noNamespaceSchemaLocation="https://maven.apache.org/surefire/maven-surefire-plugin/xsd/surefire-test-report-3.0.xsd" version="3.0" name="tn.esprit.esprithub.services.ReservationServiceJUnitTest" time="15.522" tests="4" errors="0" skipped="0" failures="0">
  <properties>
[...]
</properties>
  <testcase name="testCancelReservationForSportTeam_CaptainNotFound" classname="tn.esprit.esprithub.services.ReservationServiceJUnitTest" time="0.385">
    <system-out><![CDATA[22:37:14.452 [main] INFO org.springframework.test.context.support.AnnotationConfigContextLoaderUtils -- Could not detect default configuration classes for test class [tn.esprit.esprithub.services.ReservationServiceJUnitTest]: ReservationServiceJUnitTest does not declare any static, non-private, non-final, nested classes annotated with @Configuration.
22:37:14.700 [main] INFO org.springframework.boot.test.context.SpringBootTestContextBootstrapper -- Found @SpringBootConfiguration tn.esprit.esprithub.esprithubApplication for test class tn.esprit.esprithub.services.ReservationServiceJUnitTest

  .   ____          _            __ _ _
 /\\ / ___'_ __ _ _(_)_ __  __ _ \ \ \ \
( ( )\___ | '_ | '_| | '_ \/ _` | \ \ \ \
 \\/  ___)| |_)| | | | | || (_| |  ) ) ) )
  '  |____| .__|_| |_|_| |_\__, | / / / /
 =========|_|==============|___/=/_/_/_/
 :: Spring Boot ::                (v3.2.2)

2024-10-28T22:37:15.442+01:00  INFO 12049 --- [           main] t.e.e.s.ReservationServiceJUnitTest      : Starting ReservationServiceJUnitTest using Java 17.0.12 with PID 12049 (started by bacembensoltana in /home/bacembensoltana/DevOpsGroup1/5ARCTIC3-G1-EspritHub)
2024-10-28T22:37:15.444+01:00  INFO 12049 --- [           main] t.e.e.s.ReservationServiceJUnitTest      : No active profile set, falling back to 1 default profile: "default"
2024-10-28T22:37:17.575+01:00  INFO 12049 --- [           main] .s.d.r.c.RepositoryConfigurationDelegate : Bootstrapping Spring Data JPA repositories in DEFAULT mode.
2024-10-28T22:37:17.700+01:00  INFO 12049 --- [           main] .s.d.r.c.RepositoryConfigurationDelegate : Finished Spring Data repository scanning in 111 ms. Found 18 JPA repository interfaces.
2024-10-28T22:37:19.083+01:00  INFO 12049 --- [           main] o.hibernate.jpa.internal.util.LogHelper  : HHH000204: Processing PersistenceUnitInfo [name: default]
2024-10-28T22:37:19.182+01:00  INFO 12049 --- [           main] org.hibernate.Version                    : HHH000412: Hibernate ORM core version 6.4.1.Final
2024-10-28T22:37:19.245+01:00  INFO 12049 --- [           main] o.h.c.internal.RegionFactoryInitiator    : HHH000026: Second-level cache disabled
2024-10-28T22:37:19.480+01:00  INFO 12049 --- [           main] o.s.o.j.p.SpringPersistenceUnitInfo      : No LoadTimeWeaver setup: ignoring JPA class transformer
2024-10-28T22:37:19.537+01:00  INFO 12049 --- [           main] com.zaxxer.hikari.HikariDataSource       : HikariPool-1 - Starting...
2024-10-28T22:37:20.109+01:00  INFO 12049 --- [           main] com.zaxxer.hikari.pool.HikariPool        : HikariPool-1 - Added connection com.mysql.cj.jdbc.ConnectionImpl@143cb21
2024-10-28T22:37:20.113+01:00  INFO 12049 --- [           main] com.zaxxer.hikari.HikariDataSource       : HikariPool-1 - Start completed.
2024-10-28T22:37:22.197+01:00  INFO 12049 --- [           main] o.h.e.t.j.p.i.JtaPlatformInitiator       : HHH000489: No JTA platform available (set 'hibernate.transaction.jta.platform' to enable JTA platform integration)
2024-10-28T22:37:22.572+01:00  INFO 12049 --- [           main] j.LocalContainerEntityManagerFactoryBean : Initialized JPA EntityManagerFactory for persistence unit 'default'
2024-10-28T22:37:23.582+01:00  INFO 12049 --- [           main] o.s.d.j.r.query.QueryEnhancerFactory     : Hibernate is in classpath; If applicable, HQL parser will be used.
2024-10-28T22:37:25.499+01:00  WARN 12049 --- [           main] JpaBaseConfiguration$JpaWebConfiguration : spring.jpa.open-in-view is enabled by default. Therefore, database queries may be performed during view rendering. Explicitly configure spring.jpa.open-in-view to disable this warning
2024-10-28T22:37:25.838+01:00  INFO 12049 --- [           main] o.s.b.a.w.s.WelcomePageHandlerMapping    : Adding welcome page template: index
2024-10-28T22:37:27.404+01:00  INFO 12049 --- [           main] org.quartz.impl.StdSchedulerFactory      : Using default implementation for ThreadExecutor
2024-10-28T22:37:27.426+01:00  INFO 12049 --- [           main] org.quartz.core.SchedulerSignalerImpl    : Initialized Scheduler Signaller of type: class org.quartz.core.SchedulerSignalerImpl
2024-10-28T22:37:27.427+01:00  INFO 12049 --- [           main] org.quartz.core.QuartzScheduler          : Quartz Scheduler v.2.3.2 created.
2024-10-28T22:37:27.428+01:00  INFO 12049 --- [           main] org.quartz.simpl.RAMJobStore             : RAMJobStore initialized.
2024-10-28T22:37:27.429+01:00  INFO 12049 --- [           main] org.quartz.core.QuartzScheduler          : Scheduler meta-data: Quartz Scheduler (v2.3.2) 'quartzScheduler' with instanceId 'NON_CLUSTERED'
  Scheduler class: 'org.quartz.core.QuartzScheduler' - running locally.
  NOT STARTED.
  Currently in standby mode.
  Number of jobs executed: 0
  Using thread pool 'org.quartz.simpl.SimpleThreadPool' - with 10 threads.
  Using job-store 'org.quartz.simpl.RAMJobStore' - which does not support persistence. and is not clustered.

2024-10-28T22:37:27.430+01:00  INFO 12049 --- [           main] org.quartz.impl.StdSchedulerFactory      : Quartz scheduler 'quartzScheduler' initialized from an externally provided properties instance.
2024-10-28T22:37:27.430+01:00  INFO 12049 --- [           main] org.quartz.impl.StdSchedulerFactory      : Quartz scheduler version: 2.3.2
2024-10-28T22:37:27.430+01:00  INFO 12049 --- [           main] org.quartz.core.QuartzScheduler          : JobFactory set to: org.springframework.scheduling.quartz.SpringBeanJobFactory@797e879e
2024-10-28T22:37:27.620+01:00  INFO 12049 --- [           main] o.s.b.a.e.web.EndpointLinksResolver      : Exposing 14 endpoint(s) beneath base path '/actuator'
2024-10-28T22:37:27.798+01:00  INFO 12049 --- [           main] o.s.s.web.DefaultSecurityFilterChain     : Will secure any request with [org.springframework.security.web.session.DisableEncodeUrlFilter@569bf002, org.springframework.security.web.context.request.async.WebAsyncManagerIntegrationFilter@72ee09c4, org.springframework.security.web.context.SecurityContextHolderFilter@61579df0, org.springframework.security.web.header.HeaderWriterFilter@3e74dd8d, org.springframework.web.filter.CorsFilter@4565ca9d, org.springframework.security.web.authentication.logout.LogoutFilter@6a7d75c2, tn.esprit.esprithub.security.JwtFilter@4fb185e, org.springframework.security.web.savedrequest.RequestCacheAwareFilter@41ffa8da, org.springframework.security.web.servletapi.SecurityContextHolderAwareRequestFilter@3cd04665, org.springframework.security.web.authentication.AnonymousAuthenticationFilter@16c5c532, org.springframework.security.web.session.SessionManagementFilter@61bc146d, org.springframework.security.web.access.ExceptionTranslationFilter@2f6fb07d, org.springframework.security.web.access.intercept.AuthorizationFilter@559ed659]
2024-10-28T22:37:28.911+01:00  INFO 12049 --- [           main] o.s.s.quartz.SchedulerFactoryBean        : Starting Quartz Scheduler now
2024-10-28T22:37:28.912+01:00  INFO 12049 --- [           main] org.quartz.core.QuartzScheduler          : Scheduler quartzScheduler_$_NON_CLUSTERED started.
2024-10-28T22:37:28.949+01:00  INFO 12049 --- [           main] t.e.e.s.ReservationServiceJUnitTest      : Started ReservationServiceJUnitTest in 13.957 seconds (process running for 18.151)
Hibernate: insert into user (account_locked,adresse,badge,created_date,email,enabled,first_name,img_user,last_login,last_name,participation_team,password,phone,role,sport_teams_team_id,username) values (?,?,?,?,?,?,?,?,?,?,?,?,?,?,?,?)
Hibernate: insert into user (account_locked,adresse,badge,created_date,email,enabled,first_name,img_user,last_login,last_name,participation_team,password,phone,role,sport_teams_team_id,username) values (?,?,?,?,?,?,?,?,?,?,?,?,?,?,?,?)
Hibernate: insert into sport_team (captain_user_id,logo_team,name_team) values (?,?,?)
Hibernate: insert into reservation (end_date,fields_field_id,nb_players,res_status,res_type,start_date) values (?,?,?,?,?,?)
Hibernate: select u1_0.user_id,u1_0.account_locked,u1_0.adresse,u1_0.badge,u1_0.created_date,u1_0.email,u1_0.enabled,u1_0.first_name,u1_0.img_user,u1_0.last_login,u1_0.last_modified_date,u1_0.last_name,u1_0.participation_team,u1_0.password,u1_0.phone,u1_0.role,stc1_0.team_id,stc1_0.logo_team,stc1_0.name_team,st1_0.team_id,c1_0.user_id,c1_0.account_locked,c1_0.adresse,c1_0.badge,c1_0.created_date,c1_0.email,c1_0.enabled,c1_0.first_name,c1_0.img_user,c1_0.last_login,c1_0.last_modified_date,c1_0.last_name,c1_0.participation_team,c1_0.password,c1_0.phone,c1_0.role,c1_0.sport_teams_team_id,c1_0.username,st1_0.logo_team,st1_0.name_team,u1_0.username from user u1_0 left join sport_team stc1_0 on u1_0.user_id=stc1_0.captain_user_id left join sport_team st1_0 on st1_0.team_id=u1_0.sport_teams_team_id left join user c1_0 on c1_0.user_id=st1_0.captain_user_id where u1_0.user_id=?
]]></system-out>
  </testcase>
  <testcase name="testCancelReservationForSportTeam_Success" classname="tn.esprit.esprithub.services.ReservationServiceJUnitTest" time="0.181">
    <system-out><![CDATA[Hibernate: insert into user (account_locked,adresse,badge,created_date,email,enabled,first_name,img_user,last_login,last_name,participation_team,password,phone,role,sport_teams_team_id,username) values (?,?,?,?,?,?,?,?,?,?,?,?,?,?,?,?)
Hibernate: insert into user (account_locked,adresse,badge,created_date,email,enabled,first_name,img_user,last_login,last_name,participation_team,password,phone,role,sport_teams_team_id,username) values (?,?,?,?,?,?,?,?,?,?,?,?,?,?,?,?)
Hibernate: insert into sport_team (captain_user_id,logo_team,name_team) values (?,?,?)
Hibernate: insert into reservation (end_date,fields_field_id,nb_players,res_status,res_type,start_date) values (?,?,?,?,?,?)
Hibernate: update user set account_locked=?,adresse=?,badge=?,email=?,enabled=?,first_name=?,img_user=?,last_login=?,last_modified_date=?,last_name=?,participation_team=?,password=?,phone=?,role=?,sport_teams_team_id=?,username=? where user_id=?
Hibernate: delete from reservation where reservation_id=?
Hibernate: select count(*) from reservation r1_0 where r1_0.reservation_id=?
]]></system-out>
  </testcase>
  <testcase name="testCancelReservationForSportTeam_CaptainNotAssociatedWithTeam" classname="tn.esprit.esprithub.services.ReservationServiceJUnitTest" time="0.052">
    <system-out><![CDATA[Hibernate: insert into user (account_locked,adresse,badge,created_date,email,enabled,first_name,img_user,last_login,last_name,participation_team,password,phone,role,sport_teams_team_id,username) values (?,?,?,?,?,?,?,?,?,?,?,?,?,?,?,?)
Hibernate: insert into user (account_locked,adresse,badge,created_date,email,enabled,first_name,img_user,last_login,last_name,participation_team,password,phone,role,sport_teams_team_id,username) values (?,?,?,?,?,?,?,?,?,?,?,?,?,?,?,?)
Hibernate: insert into sport_team (captain_user_id,logo_team,name_team) values (?,?,?)
Hibernate: insert into reservation (end_date,fields_field_id,nb_players,res_status,res_type,start_date) values (?,?,?,?,?,?)
Hibernate: insert into user (account_locked,adresse,badge,created_date,email,enabled,first_name,img_user,last_login,last_name,participation_team,password,phone,role,sport_teams_team_id,username) values (?,?,?,?,?,?,?,?,?,?,?,?,?,?,?,?)
]]></system-out>
  </testcase>
  <testcase name="testCancelReservationForSportTeam_ReservationNotFound" classname="tn.esprit.esprithub.services.ReservationServiceJUnitTest" time="0.041">
    <system-out><![CDATA[Hibernate: insert into user (account_locked,adresse,badge,created_date,email,enabled,first_name,img_user,last_login,last_name,participation_team,password,phone,role,sport_teams_team_id,username) values (?,?,?,?,?,?,?,?,?,?,?,?,?,?,?,?)
Hibernate: insert into user (account_locked,adresse,badge,created_date,email,enabled,first_name,img_user,last_login,last_name,participation_team,password,phone,role,sport_teams_team_id,username) values (?,?,?,?,?,?,?,?,?,?,?,?,?,?,?,?)
Hibernate: insert into sport_team (captain_user_id,logo_team,name_team) values (?,?,?)
Hibernate: insert into reservation (end_date,fields_field_id,nb_players,res_status,res_type,start_date) values (?,?,?,?,?,?)
Hibernate: select r1_0.reservation_id,r1_0.end_date,f1_0.field_id,f1_0.capacity_field,f1_0.description_field,f1_0.location_field,f1_0.name_field,f1_0.type_field,r1_0.nb_players,r1_0.res_status,r1_0.res_type,r1_0.start_date from reservation r1_0 left join field f1_0 on f1_0.field_id=r1_0.fields_field_id where r1_0.reservation_id=?
]]></system-out>
  </testcase>
</testsuite>